Added Component: Designator=SOP16(NS0016A_M)
Add component (AddParameter): Name = "Bits(#)"; Value = "10"; VariantName = "[No Variations]"
Add component (AddParameter): Name = "Channels(#)"; Value = "1"; VariantName = "[No Variations]"
Add component (AddParameter): Name = "Configuration"; Value = "4:10"; VariantName = "[No Variations]"
Add component (AddParameter): Name = "DatasheetVersion"; Value = "SDLS051"; VariantName = "[No Variations]"
Add component (AddParameter): Name = "F @ Nom Voltage(Max)(Mhz)"; Value = "35"; VariantName = "[No Variations]"
Add component (AddParameter): Name = "Function"; Value = "Decoder/Demultiplexer"; VariantName = "[No Variations]"
Add component (AddParameter): Name = "Generic Part Number"; Value = "SN74LS145"; VariantName = "[No Variations]"
Add component (AddParameter): Name = "ICC @ Nom Voltage(Max)(mA)"; Value = "13"; VariantName = "[No Variations]"
Add component (AddParameter): Name = "Input Type"; Value = "TTL"; VariantName = "[No Variations]"
Add component (AddParameter): Name = "Manufacturer"; Value = "Texas Instruments"; VariantName = "[No Variations]"
Add component (AddParameter): Name = "Operating Temperature Range(C)"; Value = "0 to 70"; VariantName = "[No Variations]"
Add component (AddParameter): Name = "Output Drive (IOL/IOH)(Max)(mA)"; Value = "80/-20"; VariantName = "[No Variations]"
Add component (AddParameter): Name = "Output Type"; Value = "TTL"; VariantName = "[No Variations]"
Add component (AddParameter): Name = "PackageReference"; Value = "NS0016A"; VariantName = "[No Variations]"
Add component (AddParameter): Name = "Rating"; Value = "Catalog"; VariantName = "[No Variations]"
Add component (AddParameter): Name = "Schmitt Trigger"; Value = "No"; VariantName = "[No Variations]"
Add component (AddParameter): Name = "Technology Family"; Value = "LS"; VariantName = "[No Variations]"
Add component (AddParameter): Name = "tpd @ Nom Voltage(Max)(ns)"; Value = "50"; VariantName = "[No Variations]"
Add component (AddParameter): Name = "Type"; Value = "Standard"; VariantName = "[No Variations]"
Add component (AddParameter): Name = "VCC(Max)(V)"; Value = "5.25"; VariantName = "[No Variations]"
Add component (AddParameter): Name = "VCC(Min)(V)"; Value = "4.75"; VariantName = "[No Variations]"
Add component (AddParameter): Name = "Voltage(Nom)(V)"; Value = "5"; VariantName = "[No Variations]"
Added Component: Designator=SSOP8(DCT0008A_N)
Add component (AddParameter): Name = "3-State Output"; Value = "No"; VariantName = "[No Variations]"
Add component (AddParameter): Name = "Bits(#)"; Value = "1"; VariantName = "[No Variations]"
Add component (AddParameter): Name = "DatasheetVersion"; Value = "SCES586C"; VariantName = "[No Variations]"
Add component (AddParameter): Name = "F @ Nom Voltage(Max)(Mhz)"; Value = "150"; VariantName = "[No Variations]"
Add component (AddParameter): Name = "Generic Part Number"; Value = "SN74LVC1G123"; VariantName = "[No Variations]"
Add component (AddParameter): Name = "ICC @ Nom Voltage(Max)(mA)"; Value = "0.02"; VariantName = "[No Variations]"
Add component (AddParameter): Name = "Input Type"; Value = "CMOS/TTL"; VariantName = "[No Variations]"
Add component (AddParameter): Name = "Logic"; Value = "True"; VariantName = "[No Variations]"
Add component (AddParameter): Name = "Manufacturer"; Value = "Texas Instruments"; VariantName = "[No Variations]"
Add component (AddParameter): Name = "Operating Temperature Range(C)"; Value = "-40 to 125,-40 to 85"; VariantName = "[No Variations]"
Add component (AddParameter): Name = "Output Drive (IOL/IOH)(Max)(mA)"; Value = "32/-32"; VariantName = "[No Variations]"
Add component (AddParameter): Name = "Output Type"; Value = "CMOS"; VariantName = "[No Variations]"
Add component (AddParameter): Name = "PackageReference"; Value = "DCT0008A"; VariantName = "[No Variations]"
Add component (AddParameter): Name = "Rating"; Value = "Catalog"; VariantName = "[No Variations]"
Add component (AddParameter): Name = "Schmitt Trigger"; Value = "Yes"; VariantName = "[No Variations]"
Add component (AddParameter): Name = "Specialty Logic Family"; Value = "Monostable Multivibrator"; VariantName = "[No Variations]"
Add component (AddParameter): Name = "Sub-Family"; Value = "Monostable Multivibrator"; VariantName = "[No Variations]"
Add component (AddParameter): Name = "Technology Family"; Value = "LVC"; VariantName = "[No Variations]"
Add component (AddParameter): Name = "tpd @ Nom Voltage(Max)(ns)"; Value = "34,11,8,5.5"; VariantName = "[No Variations]"
Add component (AddParameter): Name = "VCC(Max)(V)"; Value = "5.5"; VariantName = "[No Variations]"
Add component (AddParameter): Name = "VCC(Min)(V)"; Value = "1.65"; VariantName = "[No Variations]"
Add component (AddParameter): Name = "Voltage(Nom)(V)"; Value = "1.8,2.5,3.3,5"; VariantName = "[No Variations]"
Added Component: Designator=SSOP16(DB0016A_M)
Add component (AddParameter): Name = "ComponentLink1Description"; Value = "Manufacturer URL"; VariantName = "[No Variations]"
Add component (AddParameter): Name = "ComponentLink1URL"; Value = "www.ti.com"; VariantName = "[No Variations]"
Add component (AddParameter): Name = "ComponentLink2Description"; Value = "Datasheet"; VariantName = "[No Variations]"
Add component (AddParameter): Name = "ComponentLink2URL"; Value = "http://www.ti.com/general/docs/lit/getliterature.tsp?genericPartNumber=MAX3232&fileType=pdf"; VariantName = "[No Variations]"
Add component (AddParameter): Name = "ComponentLink3Description"; Value = "Package Specification"; VariantName = "[No Variations]"
Add component (AddParameter): Name = "ComponentLink3URL"; Value = "http://www.ti.com/litv/pdf/msso002e"; VariantName = "[No Variations]"
Add component (AddParameter): Name = "DatasheetVersion"; Value = "SLLS410I"; VariantName = "[No Variations]"
Add component (AddParameter): Name = "Drivers Per Package"; Value = "2"; VariantName = "[No Variations]"
Add component (AddParameter): Name = "ESD HBM(kV)"; Value = "+/-15"; VariantName = "[No Variations]"
Add component (AddParameter): Name = "ICC(Max)(mA)"; Value = "1"; VariantName = "[No Variations]"
Add component (AddParameter): Name = "PackageDescription"; Value = "16-Pin Plastic Small Outline Package, 6.2 x 5.3 mm Body, 0.65 mm Pitch"; VariantName = "[No Variations]"
Add component (AddParameter): Name = "PackageReference"; Value = "DB0016A"; VariantName = "[No Variations]"
Add component (AddParameter): Name = "PackageVersion"; Value = "revE, Dec-2001"; VariantName = "[No Variations]"
Add component (AddParameter): Name = "Receivers Per Package"; Value = "2"; VariantName = "[No Variations]"
Add component (AddParameter): Name = "RS-232"; Value = "TRUE"; VariantName = "[No Variations]"
Add component (AddParameter): Name = "Single Supply"; Value = "TRUE"; VariantName = "[No Variations]"
Add component (AddParameter): Name = "SubFamily"; Value = "RS-232"; VariantName = "[No Variations]"
Add component (AddParameter): Name = "Supply Voltage(s)(V)"; Value = "3.3 or 5.0"; VariantName = "[No Variations]"
Added Member To Class: ClassName=Sheet1 Member=Component SOP16 SN74LS145NSR
Added Member To Class: ClassName=Sheet1 Member=Component SSOP8 SN74LVC1G123DCTR
Added Member To Class: ClassName=Sheet1 Member=Component SSOP16 MAX3232IDBR
Added Room: Name=Sheet1
